Using pre-set license
Built from '2020.3/staging' branch; Version is '2020.3.0f1 (c7b5465681fb) revision 13088070'; Using compiler version '192528614'; Build Type 'Release'
OS: 'Windows 10 Home; OS build 19042.1288; Version 2009; 64bit' Language: 'it' Physical Memory: 16244 MB
BatchMode: 1, IsHumanControllingUs: 0, StartBugReporterOnCrash: 0, Is64bit: 1, IsPro: 0

 COMMAND LINE ARGUMENTS:
C:\Program Files\Unity\Hub\Editor\2020.3.0f1\Editor\Unity.exe
-adb2
-batchMode
-noUpm
-name
AssetImportWorker0
-projectPath
E:/unity/PROG-VDP-2021
-logFile
Logs/AssetImportWorker0.log
-srvPort
62360
Successfully changed project path to: E:/unity/PROG-VDP-2021
E:/unity/PROG-VDP-2021
Using Asset Import Pipeline V2.
Refreshing native plugins compatible for Editor in 48.39 ms, found 1 plugins.
Preloading 0 native plugins for Editor in 0.00 ms.
Initialize engine version: 2020.3.0f1 (c7b5465681fb)
[Subsystems] Discovering subsystems at path C:/Program Files/Unity/Hub/Editor/2020.3.0f1/Editor/Data/Resources/UnitySubsystems
[Subsystems] Discovering subsystems at path E:/unity/PROG-VDP-2021/Assets
GfxDevice: creating device client; threaded=0
Direct3D:
    Version:  Direct3D 11.0 [level 11.1]
    Renderer: NVIDIA GeForce GTX 1060 (ID=0x1c20)
    Vendor:   
    VRAM:     6052 MB
    Driver:   30.0.14.7212
Initialize mono
Mono path[0] = 'C:/Program Files/Unity/Hub/Editor/2020.3.0f1/Editor/Data/Managed'
Mono path[1] = 'C:/Program Files/Unity/Hub/Editor/2020.3.0f1/Editor/Data/MonoBleedingEdge/lib/mono/unityjit'
Mono config path = 'C:/Program Files/Unity/Hub/Editor/2020.3.0f1/Editor/Data/MonoBleedingEdge/etc'
Using monoOptions --debugger-agent=transport=dt_socket,embedding=1,server=y,suspend=n,address=127.0.0.1:56164
Begin MonoManager ReloadAssembly
Registering precompiled unity dll's ...
Register platform support module: C:/Program Files/Unity/Hub/Editor/2020.3.0f1/Editor/Data/PlaybackEngines/WindowsStandaloneSupport/UnityEditor.WindowsStandalone.Extensions.dll
Registered in 0.002878 seconds.
Native extension for WindowsStandalone target not found
Refreshing native plugins compatible for Editor in 41.16 ms, found 1 plugins.
Preloading 0 native plugins for Editor in 0.00 ms.
Invoked RoslynAnalysisRunner static constructor.
RoslynAnalysisRunner will not be running.
RoslynAnalysisRunner has terminated.
Mono: successfully reloaded assembly
- Completed reload, in  1.393 seconds
Platform modules already initialized, skipping
Registering precompiled user dll's ...
Registered in 0.001991 seconds.
Begin MonoManager ReloadAssembly
Native extension for WindowsStandalone target not found
Refreshing native plugins compatible for Editor in 42.01 ms, found 1 plugins.
Preloading 0 native plugins for Editor in 0.00 ms.
Invoked RoslynAnalysisRunner static constructor.
RoslynAnalysisRunner will not be running.
RoslynAnalysisRunner has terminated.
Mono: successfully reloaded assembly
- Completed reload, in  1.108 seconds
Platform modules already initialized, skipping
========================================================================
Worker process is ready to serve import requests
Launched and connected shader compiler UnityShaderCompiler.exe after 0.08 seconds
Refreshing native plugins compatible for Editor in 0.37 ms, found 1 plugins.
Preloading 0 native plugins for Editor in 0.00 ms.
Unloading 1819 Unused Serialized files (Serialized files now loaded: 0)
System memory in use before: 84.9 MB.
System memory in use after: 84.9 MB.

Unloading 24 unused Assets to reduce memory usage. Loaded Objects now: 2261.
Total: 2.462400 ms (FindLiveObjects: 0.218900 ms CreateObjectMapping: 0.104700 ms MarkObjects: 1.943000 ms  DeleteObjects: 0.194600 ms)

========================================================================
Received Import Request.
  path: Assets/Script/Nanobot.cs
  artifactKey: Guid(13e0cae95c3085b48b12f92f1dc22a16) Importer(815301076,1909f56bfc062723c751e8b465ee728b)
Start importing Assets/Script/Nanobot.cs using Guid(13e0cae95c3085b48b12f92f1dc22a16) Importer(815301076,1909f56bfc062723c751e8b465ee728b)  -> (artifact id: '5cb0eab67fa74b26f9be1c9b9f9be479') in 0.057088 seconds
  Import took 0.065212 seconds .

========================================================================
Received Prepare
Registering precompiled user dll's ...
Registered in 0.002037 seconds.
Begin MonoManager ReloadAssembly
Native extension for WindowsStandalone target not found
Refreshing native plugins compatible for Editor in 0.33 ms, found 1 plugins.
Preloading 0 native plugins for Editor in 0.00 ms.
Invoked RoslynAnalysisRunner static constructor.
RoslynAnalysisRunner will not be running.
RoslynAnalysisRunner has terminated.
Mono: successfully reloaded assembly
- Completed reload, in  1.148 seconds
Platform modules already initialized, skipping
Refreshing native plugins compatible for Editor in 0.40 ms, found 1 plugins.
Preloading 0 native plugins for Editor in 0.00 ms.
Unloading 1814 Unused Serialized files (Serialized files now loaded: 0)
System memory in use before: 84.9 MB.
System memory in use after: 84.9 MB.

Unloading 12 unused Assets to reduce memory usage. Loaded Objects now: 2264.
Total: 2.656400 ms (FindLiveObjects: 0.223400 ms CreateObjectMapping: 0.068000 ms MarkObjects: 2.236100 ms  DeleteObjects: 0.127600 ms)

========================================================================
Received Import Request.
  Time since last request: 27.669537 seconds.
  path: Assets/Script/Nanobot.cs
  artifactKey: Guid(13e0cae95c3085b48b12f92f1dc22a16) Importer(815301076,1909f56bfc062723c751e8b465ee728b)
Start importing Assets/Script/Nanobot.cs using Guid(13e0cae95c3085b48b12f92f1dc22a16) Importer(815301076,1909f56bfc062723c751e8b465ee728b)  -> (artifact id: '8e48b3cf04c776ce1a394f0a9f8cd1c6') in 0.005438 seconds
  Import took 0.013182 seconds .

========================================================================
Received Prepare
Registering precompiled user dll's ...
Registered in 0.004098 seconds.
Begin MonoManager ReloadAssembly
Native extension for WindowsStandalone target not found
Refreshing native plugins compatible for Editor in 0.43 ms, found 1 plugins.
Preloading 0 native plugins for Editor in 0.00 ms.
Invoked RoslynAnalysisRunner static constructor.
RoslynAnalysisRunner will not be running.
RoslynAnalysisRunner has terminated.
Mono: successfully reloaded assembly
- Completed reload, in  1.464 seconds
Platform modules already initialized, skipping
Refreshing native plugins compatible for Editor in 0.48 ms, found 1 plugins.
Preloading 0 native plugins for Editor in 0.00 ms.
Unloading 1814 Unused Serialized files (Serialized files now loaded: 0)
System memory in use before: 84.9 MB.
System memory in use after: 84.9 MB.

Unloading 12 unused Assets to reduce memory usage. Loaded Objects now: 2267.
Total: 3.969100 ms (FindLiveObjects: 0.878900 ms CreateObjectMapping: 0.244500 ms MarkObjects: 2.712500 ms  DeleteObjects: 0.128100 ms)

========================================================================
Received Prepare
Registering precompiled user dll's ...
Registered in 0.002766 seconds.
Begin MonoManager ReloadAssembly
Native extension for WindowsStandalone target not found
Refreshing native plugins compatible for Editor in 0.34 ms, found 1 plugins.
Preloading 0 native plugins for Editor in 0.00 ms.
Invoked RoslynAnalysisRunner static constructor.
RoslynAnalysisRunner will not be running.
RoslynAnalysisRunner has terminated.
Mono: successfully reloaded assembly
- Completed reload, in  1.008 seconds
Platform modules already initialized, skipping
Refreshing native plugins compatible for Editor in 0.48 ms, found 1 plugins.
Preloading 0 native plugins for Editor in 0.00 ms.
Unloading 1814 Unused Serialized files (Serialized files now loaded: 0)
System memory in use before: 84.9 MB.
System memory in use after: 84.9 MB.

Unloading 12 unused Assets to reduce memory usage. Loaded Objects now: 2270.
Total: 2.797000 ms (FindLiveObjects: 0.357800 ms CreateObjectMapping: 0.150300 ms MarkObjects: 2.121800 ms  DeleteObjects: 0.165400 ms)

========================================================================
Received Prepare
Registering precompiled user dll's ...
Registered in 0.003079 seconds.
Begin MonoManager ReloadAssembly
Native extension for WindowsStandalone target not found
Refreshing native plugins compatible for Editor in 0.48 ms, found 1 plugins.
Preloading 0 native plugins for Editor in 0.00 ms.
Invoked RoslynAnalysisRunner static constructor.
RoslynAnalysisRunner will not be running.
RoslynAnalysisRunner has terminated.
Mono: successfully reloaded assembly
- Completed reload, in  1.126 seconds
Platform modules already initialized, skipping
Refreshing native plugins compatible for Editor in 0.33 ms, found 1 plugins.
Preloading 0 native plugins for Editor in 0.00 ms.
Unloading 1814 Unused Serialized files (Serialized files now loaded: 0)
System memory in use before: 85.0 MB.
System memory in use after: 85.0 MB.

Unloading 12 unused Assets to reduce memory usage. Loaded Objects now: 2273.
Total: 2.418300 ms (FindLiveObjects: 0.202700 ms CreateObjectMapping: 0.056000 ms MarkObjects: 1.990600 ms  DeleteObjects: 0.168100 ms)

========================================================================
Received Prepare
Registering precompiled user dll's ...
Registered in 0.002019 seconds.
Begin MonoManager ReloadAssembly
Native extension for WindowsStandalone target not found
Refreshing native plugins compatible for Editor in 0.35 ms, found 1 plugins.
Preloading 0 native plugins for Editor in 0.00 ms.
Invoked RoslynAnalysisRunner static constructor.
RoslynAnalysisRunner will not be running.
RoslynAnalysisRunner has terminated.
Mono: successfully reloaded assembly
- Completed reload, in  1.143 seconds
Platform modules already initialized, skipping
Refreshing native plugins compatible for Editor in 0.99 ms, found 1 plugins.
Preloading 0 native plugins for Editor in 0.00 ms.
Unloading 1814 Unused Serialized files (Serialized files now loaded: 0)
System memory in use before: 85.0 MB.
System memory in use after: 85.0 MB.

Unloading 12 unused Assets to reduce memory usage. Loaded Objects now: 2276.
Total: 6.248100 ms (FindLiveObjects: 0.680900 ms CreateObjectMapping: 0.190800 ms MarkObjects: 4.974700 ms  DeleteObjects: 0.397900 ms)

========================================================================
Received Prepare
Registering precompiled user dll's ...
Registered in 0.001992 seconds.
Begin MonoManager ReloadAssembly
Native extension for WindowsStandalone target not found
Refreshing native plugins compatible for Editor in 0.33 ms, found 1 plugins.
Preloading 0 native plugins for Editor in 0.00 ms.
Invoked RoslynAnalysisRunner static constructor.
RoslynAnalysisRunner will not be running.
RoslynAnalysisRunner has terminated.
Mono: successfully reloaded assembly
- Completed reload, in  1.065 seconds
Platform modules already initialized, skipping
Refreshing native plugins compatible for Editor in 0.34 ms, found 1 plugins.
Preloading 0 native plugins for Editor in 0.00 ms.
Unloading 1814 Unused Serialized files (Serialized files now loaded: 0)
System memory in use before: 85.0 MB.
System memory in use after: 85.0 MB.

Unloading 12 unused Assets to reduce memory usage. Loaded Objects now: 2279.
Total: 2.131400 ms (FindLiveObjects: 0.243100 ms CreateObjectMapping: 0.061500 ms MarkObjects: 1.679200 ms  DeleteObjects: 0.146000 ms)

========================================================================
Received Prepare
Registering precompiled user dll's ...
Registered in 0.001778 seconds.
Begin MonoManager ReloadAssembly
Native extension for WindowsStandalone target not found
Refreshing native plugins compatible for Editor in 0.54 ms, found 1 plugins.
Preloading 0 native plugins for Editor in 0.00 ms.
Invoked RoslynAnalysisRunner static constructor.
RoslynAnalysisRunner will not be running.
RoslynAnalysisRunner has terminated.
Mono: successfully reloaded assembly
- Completed reload, in  1.050 seconds
Platform modules already initialized, skipping
Refreshing native plugins compatible for Editor in 0.33 ms, found 1 plugins.
Preloading 0 native plugins for Editor in 0.00 ms.
Unloading 1814 Unused Serialized files (Serialized files now loaded: 0)
System memory in use before: 85.0 MB.
System memory in use after: 85.0 MB.

Unloading 12 unused Assets to reduce memory usage. Loaded Objects now: 2282.
Total: 2.322500 ms (FindLiveObjects: 0.280700 ms CreateObjectMapping: 0.123500 ms MarkObjects: 1.788000 ms  DeleteObjects: 0.129200 ms)

========================================================================
Received Prepare
Registering precompiled user dll's ...
Registered in 0.001793 seconds.
Begin MonoManager ReloadAssembly
Native extension for WindowsStandalone target not found
Refreshing native plugins compatible for Editor in 0.53 ms, found 1 plugins.
Preloading 0 native plugins for Editor in 0.00 ms.
Invoked RoslynAnalysisRunner static constructor.
RoslynAnalysisRunner will not be running.
RoslynAnalysisRunner has terminated.
Mono: successfully reloaded assembly
- Completed reload, in  1.018 seconds
Platform modules already initialized, skipping
Refreshing native plugins compatible for Editor in 0.46 ms, found 1 plugins.
Preloading 0 native plugins for Editor in 0.00 ms.
Unloading 1814 Unused Serialized files (Serialized files now loaded: 0)
System memory in use before: 85.0 MB.
System memory in use after: 85.0 MB.

Unloading 12 unused Assets to reduce memory usage. Loaded Objects now: 2285.
Total: 3.270600 ms (FindLiveObjects: 0.340100 ms CreateObjectMapping: 0.096600 ms MarkObjects: 2.725000 ms  DeleteObjects: 0.107600 ms)

========================================================================
Received Prepare
Registering precompiled user dll's ...
Registered in 0.002120 seconds.
Begin MonoManager ReloadAssembly
Native extension for WindowsStandalone target not found
Refreshing native plugins compatible for Editor in 0.34 ms, found 1 plugins.
Preloading 0 native plugins for Editor in 0.00 ms.
Invoked RoslynAnalysisRunner static constructor.
RoslynAnalysisRunner will not be running.
RoslynAnalysisRunner has terminated.
Mono: successfully reloaded assembly
- Completed reload, in  1.018 seconds
Platform modules already initialized, skipping
Refreshing native plugins compatible for Editor in 0.32 ms, found 1 plugins.
Preloading 0 native plugins for Editor in 0.00 ms.
Unloading 1814 Unused Serialized files (Serialized files now loaded: 0)
System memory in use before: 85.0 MB.
System memory in use after: 85.0 MB.

Unloading 12 unused Assets to reduce memory usage. Loaded Objects now: 2288.
Total: 2.313300 ms (FindLiveObjects: 0.286300 ms CreateObjectMapping: 0.100100 ms MarkObjects: 1.773500 ms  DeleteObjects: 0.152300 ms)

========================================================================
Received Prepare
Registering precompiled user dll's ...
Registered in 0.001835 seconds.
Begin MonoManager ReloadAssembly
Native extension for WindowsStandalone target not found
Refreshing native plugins compatible for Editor in 0.57 ms, found 1 plugins.
Preloading 0 native plugins for Editor in 0.00 ms.
Invoked RoslynAnalysisRunner static constructor.
RoslynAnalysisRunner will not be running.
RoslynAnalysisRunner has terminated.
Mono: successfully reloaded assembly
- Completed reload, in  1.163 seconds
Platform modules already initialized, skipping
Refreshing native plugins compatible for Editor in 0.37 ms, found 1 plugins.
Preloading 0 native plugins for Editor in 0.00 ms.
Unloading 1814 Unused Serialized files (Serialized files now loaded: 0)
System memory in use before: 85.0 MB.
System memory in use after: 85.0 MB.

Unloading 12 unused Assets to reduce memory usage. Loaded Objects now: 2291.
Total: 4.347700 ms (FindLiveObjects: 0.537100 ms CreateObjectMapping: 0.374700 ms MarkObjects: 3.264900 ms  DeleteObjects: 0.168800 ms)

========================================================================
Received Prepare
Registering precompiled user dll's ...
Registered in 0.002663 seconds.
Begin MonoManager ReloadAssembly
Native extension for WindowsStandalone target not found
Refreshing native plugins compatible for Editor in 0.47 ms, found 1 plugins.
Preloading 0 native plugins for Editor in 0.00 ms.
Invoked RoslynAnalysisRunner static constructor.
RoslynAnalysisRunner will not be running.
RoslynAnalysisRunner has terminated.
Mono: successfully reloaded assembly
- Completed reload, in  1.200 seconds
Platform modules already initialized, skipping
Refreshing native plugins compatible for Editor in 0.52 ms, found 1 plugins.
Preloading 0 native plugins for Editor in 0.00 ms.
Unloading 1814 Unused Serialized files (Serialized files now loaded: 0)
System memory in use before: 85.0 MB.
System memory in use after: 85.0 MB.

Unloading 12 unused Assets to reduce memory usage. Loaded Objects now: 2294.
Total: 2.512700 ms (FindLiveObjects: 0.286100 ms CreateObjectMapping: 0.110700 ms MarkObjects: 1.992300 ms  DeleteObjects: 0.122000 ms)

========================================================================
Received Prepare
Registering precompiled user dll's ...
Registered in 0.001839 seconds.
Begin MonoManager ReloadAssembly
Native extension for WindowsStandalone target not found
Refreshing native plugins compatible for Editor in 0.37 ms, found 1 plugins.
Preloading 0 native plugins for Editor in 0.00 ms.
Invoked RoslynAnalysisRunner static constructor.
RoslynAnalysisRunner will not be running.
RoslynAnalysisRunner has terminated.
Mono: successfully reloaded assembly
- Completed reload, in  1.080 seconds
Platform modules already initialized, skipping
Refreshing native plugins compatible for Editor in 0.58 ms, found 1 plugins.
Preloading 0 native plugins for Editor in 0.00 ms.
Unloading 1814 Unused Serialized files (Serialized files now loaded: 0)
System memory in use before: 85.0 MB.
System memory in use after: 85.0 MB.

Unloading 12 unused Assets to reduce memory usage. Loaded Objects now: 2297.
Total: 2.728400 ms (FindLiveObjects: 0.399000 ms CreateObjectMapping: 0.116100 ms MarkObjects: 2.095900 ms  DeleteObjects: 0.116100 ms)

========================================================================
Received Prepare
Registering precompiled user dll's ...
Registered in 0.001972 seconds.
Begin MonoManager ReloadAssembly
Native extension for WindowsStandalone target not found
Refreshing native plugins compatible for Editor in 0.33 ms, found 1 plugins.
Preloading 0 native plugins for Editor in 0.00 ms.
Invoked RoslynAnalysisRunner static constructor.
RoslynAnalysisRunner will not be running.
RoslynAnalysisRunner has terminated.
Mono: successfully reloaded assembly
- Completed reload, in  1.024 seconds
Platform modules already initialized, skipping
Refreshing native plugins compatible for Editor in 0.33 ms, found 1 plugins.
Preloading 0 native plugins for Editor in 0.00 ms.
Unloading 1814 Unused Serialized files (Serialized files now loaded: 0)
System memory in use before: 85.0 MB.
System memory in use after: 85.0 MB.

Unloading 12 unused Assets to reduce memory usage. Loaded Objects now: 2300.
Total: 2.357700 ms (FindLiveObjects: 0.223500 ms CreateObjectMapping: 0.079300 ms MarkObjects: 1.874600 ms  DeleteObjects: 0.179100 ms)

========================================================================
Received Prepare
Registering precompiled user dll's ...
Registered in 0.002089 seconds.
Begin MonoManager ReloadAssembly
Native extension for WindowsStandalone target not found
Refreshing native plugins compatible for Editor in 0.33 ms, found 1 plugins.
Preloading 0 native plugins for Editor in 0.00 ms.
Invoked RoslynAnalysisRunner static constructor.
RoslynAnalysisRunner will not be running.
RoslynAnalysisRunner has terminated.
Mono: successfully reloaded assembly
- Completed reload, in  0.997 seconds
Platform modules already initialized, skipping
Refreshing native plugins compatible for Editor in 0.32 ms, found 1 plugins.
Preloading 0 native plugins for Editor in 0.00 ms.
Unloading 1814 Unused Serialized files (Serialized files now loaded: 0)
System memory in use before: 85.0 MB.
System memory in use after: 85.0 MB.

Unloading 12 unused Assets to reduce memory usage. Loaded Objects now: 2303.
Total: 2.604600 ms (FindLiveObjects: 0.283800 ms CreateObjectMapping: 0.084900 ms MarkObjects: 2.055100 ms  DeleteObjects: 0.179700 ms)

========================================================================
Received Prepare
Registering precompiled user dll's ...
Registered in 0.002785 seconds.
Begin MonoManager ReloadAssembly
Native extension for WindowsStandalone target not found
Refreshing native plugins compatible for Editor in 0.44 ms, found 1 plugins.
Preloading 0 native plugins for Editor in 0.00 ms.
Invoked RoslynAnalysisRunner static constructor.
RoslynAnalysisRunner will not be running.
RoslynAnalysisRunner has terminated.
Mono: successfully reloaded assembly
- Completed reload, in  1.031 seconds
Platform modules already initialized, skipping
Refreshing native plugins compatible for Editor in 0.35 ms, found 1 plugins.
Preloading 0 native plugins for Editor in 0.00 ms.
Unloading 1814 Unused Serialized files (Serialized files now loaded: 0)
System memory in use before: 85.1 MB.
System memory in use after: 85.0 MB.

Unloading 12 unused Assets to reduce memory usage. Loaded Objects now: 2306.
Total: 2.459200 ms (FindLiveObjects: 0.317300 ms CreateObjectMapping: 0.113000 ms MarkObjects: 1.861300 ms  DeleteObjects: 0.166600 ms)

========================================================================
Received Prepare
Registering precompiled user dll's ...
Registered in 0.002391 seconds.
Begin MonoManager ReloadAssembly
Native extension for WindowsStandalone target not found
Refreshing native plugins compatible for Editor in 0.39 ms, found 1 plugins.
Preloading 0 native plugins for Editor in 0.00 ms.
Invoked RoslynAnalysisRunner static constructor.
RoslynAnalysisRunner will not be running.
RoslynAnalysisRunner has terminated.
Mono: successfully reloaded assembly
- Completed reload, in  1.252 seconds
Platform modules already initialized, skipping
Refreshing native plugins compatible for Editor in 0.39 ms, found 1 plugins.
Preloading 0 native plugins for Editor in 0.00 ms.
Unloading 1814 Unused Serialized files (Serialized files now loaded: 0)
System memory in use before: 85.1 MB.
System memory in use after: 85.1 MB.

Unloading 12 unused Assets to reduce memory usage. Loaded Objects now: 2309.
Total: 2.823600 ms (FindLiveObjects: 0.316000 ms CreateObjectMapping: 0.131500 ms MarkObjects: 2.248700 ms  DeleteObjects: 0.125600 ms)

========================================================================
Received Prepare
Registering precompiled user dll's ...
Registered in 0.003086 seconds.
Begin MonoManager ReloadAssembly
Native extension for WindowsStandalone target not found
Refreshing native plugins compatible for Editor in 0.34 ms, found 1 plugins.
Preloading 0 native plugins for Editor in 0.00 ms.
Invoked RoslynAnalysisRunner static constructor.
RoslynAnalysisRunner will not be running.
RoslynAnalysisRunner has terminated.
Mono: successfully reloaded assembly
- Completed reload, in  1.084 seconds
Platform modules already initialized, skipping
Refreshing native plugins compatible for Editor in 0.56 ms, found 1 plugins.
Preloading 0 native plugins for Editor in 0.00 ms.
Unloading 1814 Unused Serialized files (Serialized files now loaded: 0)
System memory in use before: 85.1 MB.
System memory in use after: 85.1 MB.

Unloading 12 unused Assets to reduce memory usage. Loaded Objects now: 2312.
Total: 2.388700 ms (FindLiveObjects: 0.216200 ms CreateObjectMapping: 0.083800 ms MarkObjects: 1.960800 ms  DeleteObjects: 0.126400 ms)

========================================================================
Received Prepare
Registering precompiled user dll's ...
Registered in 0.001976 seconds.
Begin MonoManager ReloadAssembly
Native extension for WindowsStandalone target not found
Refreshing native plugins compatible for Editor in 0.34 ms, found 1 plugins.
Preloading 0 native plugins for Editor in 0.00 ms.
Invoked RoslynAnalysisRunner static constructor.
RoslynAnalysisRunner will not be running.
RoslynAnalysisRunner has terminated.
Mono: successfully reloaded assembly
- Completed reload, in  1.043 seconds
Platform modules already initialized, skipping
Refreshing native plugins compatible for Editor in 0.76 ms, found 1 plugins.
Preloading 0 native plugins for Editor in 0.00 ms.
Unloading 1814 Unused Serialized files (Serialized files now loaded: 0)
System memory in use before: 85.1 MB.
System memory in use after: 85.1 MB.

Unloading 12 unused Assets to reduce memory usage. Loaded Objects now: 2315.
Total: 2.363100 ms (FindLiveObjects: 0.304700 ms CreateObjectMapping: 0.072000 ms MarkObjects: 1.830000 ms  DeleteObjects: 0.155400 ms)

========================================================================
Received Prepare
Registering precompiled user dll's ...
Registered in 0.003237 seconds.
Begin MonoManager ReloadAssembly
Native extension for WindowsStandalone target not found
Refreshing native plugins compatible for Editor in 0.33 ms, found 1 plugins.
Preloading 0 native plugins for Editor in 0.00 ms.
Invoked RoslynAnalysisRunner static constructor.
RoslynAnalysisRunner will not be running.
RoslynAnalysisRunner has terminated.
Mono: successfully reloaded assembly
- Completed reload, in  1.155 seconds
Platform modules already initialized, skipping
Refreshing native plugins compatible for Editor in 0.33 ms, found 1 plugins.
Preloading 0 native plugins for Editor in 0.00 ms.
Unloading 1814 Unused Serialized files (Serialized files now loaded: 0)
System memory in use before: 85.1 MB.
System memory in use after: 85.1 MB.

Unloading 12 unused Assets to reduce memory usage. Loaded Objects now: 2318.
Total: 3.212500 ms (FindLiveObjects: 0.239300 ms CreateObjectMapping: 0.107400 ms MarkObjects: 2.704200 ms  DeleteObjects: 0.159500 ms)

========================================================================
Received Prepare
Registering precompiled user dll's ...
Registered in 0.002235 seconds.
Begin MonoManager ReloadAssembly
Native extension for WindowsStandalone target not found
Refreshing native plugins compatible for Editor in 0.52 ms, found 1 plugins.
Preloading 0 native plugins for Editor in 0.00 ms.
Invoked RoslynAnalysisRunner static constructor.
RoslynAnalysisRunner will not be running.
RoslynAnalysisRunner has terminated.
Mono: successfully reloaded assembly
- Completed reload, in  1.057 seconds
Platform modules already initialized, skipping
Refreshing native plugins compatible for Editor in 0.73 ms, found 1 plugins.
Preloading 0 native plugins for Editor in 0.00 ms.
Unloading 1814 Unused Serialized files (Serialized files now loaded: 0)
System memory in use before: 85.1 MB.
System memory in use after: 85.1 MB.

Unloading 12 unused Assets to reduce memory usage. Loaded Objects now: 2321.
Total: 3.147500 ms (FindLiveObjects: 0.527500 ms CreateObjectMapping: 0.336200 ms MarkObjects: 2.146100 ms  DeleteObjects: 0.136100 ms)

========================================================================
Received Prepare
Registering precompiled user dll's ...
Registered in 0.001914 seconds.
Begin MonoManager ReloadAssembly
Native extension for WindowsStandalone target not found
Refreshing native plugins compatible for Editor in 0.36 ms, found 1 plugins.
Preloading 0 native plugins for Editor in 0.00 ms.
Invoked RoslynAnalysisRunner static constructor.
RoslynAnalysisRunner will not be running.
RoslynAnalysisRunner has terminated.
Mono: successfully reloaded assembly
- Completed reload, in  1.014 seconds
Platform modules already initialized, skipping
Refreshing native plugins compatible for Editor in 0.37 ms, found 1 plugins.
Preloading 0 native plugins for Editor in 0.00 ms.
Unloading 1814 Unused Serialized files (Serialized files now loaded: 0)
System memory in use before: 85.1 MB.
System memory in use after: 85.1 MB.

Unloading 12 unused Assets to reduce memory usage. Loaded Objects now: 2324.
Total: 5.529300 ms (FindLiveObjects: 0.585800 ms CreateObjectMapping: 0.428300 ms MarkObjects: 4.312200 ms  DeleteObjects: 0.199300 ms)

========================================================================
Received Prepare
Registering precompiled user dll's ...
Registered in 0.001944 seconds.
Begin MonoManager ReloadAssembly
Native extension for WindowsStandalone target not found
Refreshing native plugins compatible for Editor in 0.40 ms, found 1 plugins.
Preloading 0 native plugins for Editor in 0.00 ms.
Invoked RoslynAnalysisRunner static constructor.
RoslynAnalysisRunner will not be running.
RoslynAnalysisRunner has terminated.
Mono: successfully reloaded assembly
- Completed reload, in  1.205 seconds
Platform modules already initialized, skipping
Refreshing native plugins compatible for Editor in 0.39 ms, found 1 plugins.
Preloading 0 native plugins for Editor in 0.00 ms.
Unloading 1814 Unused Serialized files (Serialized files now loaded: 0)
System memory in use before: 85.1 MB.
System memory in use after: 85.1 MB.

Unloading 12 unused Assets to reduce memory usage. Loaded Objects now: 2327.
Total: 5.597000 ms (FindLiveObjects: 1.151000 ms CreateObjectMapping: 1.190200 ms MarkObjects: 3.104400 ms  DeleteObjects: 0.149000 ms)

========================================================================
Received Prepare
Registering precompiled user dll's ...
Registered in 0.001804 seconds.
Begin MonoManager ReloadAssembly
Native extension for WindowsStandalone target not found
Refreshing native plugins compatible for Editor in 0.34 ms, found 1 plugins.
Preloading 0 native plugins for Editor in 0.00 ms.
Invoked RoslynAnalysisRunner static constructor.
RoslynAnalysisRunner will not be running.
RoslynAnalysisRunner has terminated.
Mono: successfully reloaded assembly
- Completed reload, in  1.007 seconds
Platform modules already initialized, skipping
Refreshing native plugins compatible for Editor in 0.33 ms, found 1 plugins.
Preloading 0 native plugins for Editor in 0.00 ms.
Unloading 1814 Unused Serialized files (Serialized files now loaded: 0)
System memory in use before: 85.1 MB.
System memory in use after: 85.1 MB.

Unloading 12 unused Assets to reduce memory usage. Loaded Objects now: 2330.
Total: 3.602700 ms (FindLiveObjects: 0.329500 ms CreateObjectMapping: 0.161700 ms MarkObjects: 2.925800 ms  DeleteObjects: 0.183700 ms)

========================================================================
Received Prepare
Registering precompiled user dll's ...
Registered in 0.005180 seconds.
Begin MonoManager ReloadAssembly
Native extension for WindowsStandalone target not found
Refreshing native plugins compatible for Editor in 0.39 ms, found 1 plugins.
Preloading 0 native plugins for Editor in 0.00 ms.
Invoked RoslynAnalysisRunner static constructor.
RoslynAnalysisRunner will not be running.
RoslynAnalysisRunner has terminated.
Mono: successfully reloaded assembly
- Completed reload, in  1.213 seconds
Platform modules already initialized, skipping
Refreshing native plugins compatible for Editor in 0.33 ms, found 1 plugins.
Preloading 0 native plugins for Editor in 0.00 ms.
Unloading 1814 Unused Serialized files (Serialized files now loaded: 0)
System memory in use before: 85.1 MB.
System memory in use after: 85.1 MB.

Unloading 12 unused Assets to reduce memory usage. Loaded Objects now: 2333.
Total: 4.164000 ms (FindLiveObjects: 0.535000 ms CreateObjectMapping: 0.169800 ms MarkObjects: 3.316900 ms  DeleteObjects: 0.140500 ms)

========================================================================
Received Prepare
Registering precompiled user dll's ...
Registered in 0.002158 seconds.
Begin MonoManager ReloadAssembly
Native extension for WindowsStandalone target not found
Refreshing native plugins compatible for Editor in 0.43 ms, found 1 plugins.
Preloading 0 native plugins for Editor in 0.00 ms.
Invoked RoslynAnalysisRunner static constructor.
RoslynAnalysisRunner will not be running.
RoslynAnalysisRunner has terminated.
Mono: successfully reloaded assembly
- Completed reload, in  1.109 seconds
Platform modules already initialized, skipping
Refreshing native plugins compatible for Editor in 0.41 ms, found 1 plugins.
Preloading 0 native plugins for Editor in 0.00 ms.
Unloading 1814 Unused Serialized files (Serialized files now loaded: 0)
System memory in use before: 85.1 MB.
System memory in use after: 85.1 MB.

Unloading 12 unused Assets to reduce memory usage. Loaded Objects now: 2336.
Total: 2.780500 ms (FindLiveObjects: 0.337200 ms CreateObjectMapping: 0.125000 ms MarkObjects: 2.166400 ms  DeleteObjects: 0.150300 ms)

========================================================================
Received Prepare
Registering precompiled user dll's ...
Registered in 0.004216 seconds.
Begin MonoManager ReloadAssembly
Native extension for WindowsStandalone target not found
Refreshing native plugins compatible for Editor in 0.35 ms, found 1 plugins.
Preloading 0 native plugins for Editor in 0.00 ms.
Invoked RoslynAnalysisRunner static constructor.
RoslynAnalysisRunner will not be running.
RoslynAnalysisRunner has terminated.
Mono: successfully reloaded assembly
- Completed reload, in  1.084 seconds
Platform modules already initialized, skipping
Refreshing native plugins compatible for Editor in 0.34 ms, found 1 plugins.
Preloading 0 native plugins for Editor in 0.00 ms.
Unloading 1814 Unused Serialized files (Serialized files now loaded: 0)
System memory in use before: 85.2 MB.
System memory in use after: 85.1 MB.

Unloading 12 unused Assets to reduce memory usage. Loaded Objects now: 2339.
Total: 3.210100 ms (FindLiveObjects: 0.429800 ms CreateObjectMapping: 0.163900 ms MarkObjects: 2.455800 ms  DeleteObjects: 0.142000 ms)

========================================================================
Received Prepare
Registering precompiled user dll's ...
Registered in 0.002142 seconds.
Begin MonoManager ReloadAssembly
Native extension for WindowsStandalone target not found
Refreshing native plugins compatible for Editor in 0.38 ms, found 1 plugins.
Preloading 0 native plugins for Editor in 0.00 ms.
Invoked RoslynAnalysisRunner static constructor.
RoslynAnalysisRunner will not be running.
RoslynAnalysisRunner has terminated.
Mono: successfully reloaded assembly
- Completed reload, in  1.001 seconds
Platform modules already initialized, skipping
Refreshing native plugins compatible for Editor in 0.33 ms, found 1 plugins.
Preloading 0 native plugins for Editor in 0.00 ms.
Unloading 1814 Unused Serialized files (Serialized files now loaded: 0)
System memory in use before: 85.2 MB.
System memory in use after: 85.1 MB.

Unloading 12 unused Assets to reduce memory usage. Loaded Objects now: 2342.
Total: 3.651300 ms (FindLiveObjects: 0.448700 ms CreateObjectMapping: 0.453900 ms MarkObjects: 2.524900 ms  DeleteObjects: 0.221800 ms)

========================================================================
Received Prepare
Registering precompiled user dll's ...
Registered in 0.001964 seconds.
Begin MonoManager ReloadAssembly
Native extension for WindowsStandalone target not found
Refreshing native plugins compatible for Editor in 0.50 ms, found 1 plugins.
Preloading 0 native plugins for Editor in 0.00 ms.
Invoked RoslynAnalysisRunner static constructor.
RoslynAnalysisRunner will not be running.
RoslynAnalysisRunner has terminated.
Mono: successfully reloaded assembly
- Completed reload, in  1.038 seconds
Platform modules already initialized, skipping
Refreshing native plugins compatible for Editor in 0.37 ms, found 1 plugins.
Preloading 0 native plugins for Editor in 0.00 ms.
Unloading 1814 Unused Serialized files (Serialized files now loaded: 0)
System memory in use before: 85.2 MB.
System memory in use after: 85.2 MB.

Unloading 12 unused Assets to reduce memory usage. Loaded Objects now: 2345.
Total: 2.902200 ms (FindLiveObjects: 0.225400 ms CreateObjectMapping: 0.093700 ms MarkObjects: 2.452600 ms  DeleteObjects: 0.129100 ms)

========================================================================
Received Prepare
Registering precompiled user dll's ...
Registered in 0.001885 seconds.
Begin MonoManager ReloadAssembly
Native extension for WindowsStandalone target not found
Refreshing native plugins compatible for Editor in 0.42 ms, found 1 plugins.
Preloading 0 native plugins for Editor in 0.00 ms.
Invoked RoslynAnalysisRunner static constructor.
RoslynAnalysisRunner will not be running.
RoslynAnalysisRunner has terminated.
Mono: successfully reloaded assembly
- Completed reload, in  1.118 seconds
Platform modules already initialized, skipping
Refreshing native plugins compatible for Editor in 0.47 ms, found 1 plugins.
Preloading 0 native plugins for Editor in 0.00 ms.
Unloading 1814 Unused Serialized files (Serialized files now loaded: 0)
System memory in use before: 85.2 MB.
System memory in use after: 85.2 MB.

Unloading 12 unused Assets to reduce memory usage. Loaded Objects now: 2348.
Total: 2.382200 ms (FindLiveObjects: 0.247400 ms CreateObjectMapping: 0.113300 ms MarkObjects: 1.870100 ms  DeleteObjects: 0.150500 ms)

========================================================================
Received Prepare
Registering precompiled user dll's ...
Registered in 0.003605 seconds.
Begin MonoManager ReloadAssembly
Native extension for WindowsStandalone target not found
Refreshing native plugins compatible for Editor in 0.36 ms, found 1 plugins.
Preloading 0 native plugins for Editor in 0.00 ms.
Invoked RoslynAnalysisRunner static constructor.
RoslynAnalysisRunner will not be running.
RoslynAnalysisRunner has terminated.
Mono: successfully reloaded assembly
- Completed reload, in  1.054 seconds
Platform modules already initialized, skipping
Refreshing native plugins compatible for Editor in 0.32 ms, found 1 plugins.
Preloading 0 native plugins for Editor in 0.00 ms.
Unloading 1814 Unused Serialized files (Serialized files now loaded: 0)
System memory in use before: 85.2 MB.
System memory in use after: 85.2 MB.

Unloading 12 unused Assets to reduce memory usage. Loaded Objects now: 2351.
Total: 2.325200 ms (FindLiveObjects: 0.329800 ms CreateObjectMapping: 0.072800 ms MarkObjects: 1.754900 ms  DeleteObjects: 0.166000 ms)

========================================================================
Received Prepare
Registering precompiled user dll's ...
Registered in 0.002851 seconds.
Begin MonoManager ReloadAssembly
Native extension for WindowsStandalone target not found
Refreshing native plugins compatible for Editor in 0.34 ms, found 1 plugins.
Preloading 0 native plugins for Editor in 0.00 ms.
Invoked RoslynAnalysisRunner static constructor.
RoslynAnalysisRunner will not be running.
RoslynAnalysisRunner has terminated.
Mono: successfully reloaded assembly
- Completed reload, in  1.129 seconds
Platform modules already initialized, skipping
Refreshing native plugins compatible for Editor in 0.37 ms, found 1 plugins.
Preloading 0 native plugins for Editor in 0.00 ms.
Unloading 1814 Unused Serialized files (Serialized files now loaded: 0)
System memory in use before: 85.2 MB.
System memory in use after: 85.2 MB.

Unloading 12 unused Assets to reduce memory usage. Loaded Objects now: 2354.
Total: 2.552900 ms (FindLiveObjects: 0.286100 ms CreateObjectMapping: 0.126400 ms MarkObjects: 1.941000 ms  DeleteObjects: 0.198400 ms)

========================================================================
Received Prepare
Registering precompiled user dll's ...
Registered in 0.001857 seconds.
Begin MonoManager ReloadAssembly
Native extension for WindowsStandalone target not found
Refreshing native plugins compatible for Editor in 0.37 ms, found 1 plugins.
Preloading 0 native plugins for Editor in 0.00 ms.
Invoked RoslynAnalysisRunner static constructor.
RoslynAnalysisRunner will not be running.
RoslynAnalysisRunner has terminated.
Mono: successfully reloaded assembly
- Completed reload, in  1.026 seconds
Platform modules already initialized, skipping
Refreshing native plugins compatible for Editor in 0.73 ms, found 1 plugins.
Preloading 0 native plugins for Editor in 0.00 ms.
Unloading 1814 Unused Serialized files (Serialized files now loaded: 0)
System memory in use before: 85.2 MB.
System memory in use after: 85.2 MB.

Unloading 12 unused Assets to reduce memory usage. Loaded Objects now: 2357.
Total: 2.568000 ms (FindLiveObjects: 0.334600 ms CreateObjectMapping: 0.063400 ms MarkObjects: 2.006700 ms  DeleteObjects: 0.162100 ms)

========================================================================
Received Prepare
Registering precompiled user dll's ...
Registered in 0.003489 seconds.
Begin MonoManager ReloadAssembly
Native extension for WindowsStandalone target not found
Refreshing native plugins compatible for Editor in 0.35 ms, found 1 plugins.
Preloading 0 native plugins for Editor in 0.00 ms.
Invoked RoslynAnalysisRunner static constructor.
RoslynAnalysisRunner will not be running.
RoslynAnalysisRunner has terminated.
Mono: successfully reloaded assembly
- Completed reload, in  1.578 seconds
Platform modules already initialized, skipping
Refreshing native plugins compatible for Editor in 0.37 ms, found 1 plugins.
Preloading 0 native plugins for Editor in 0.00 ms.
Unloading 1814 Unused Serialized files (Serialized files now loaded: 0)
System memory in use before: 85.2 MB.
System memory in use after: 85.2 MB.

Unloading 12 unused Assets to reduce memory usage. Loaded Objects now: 2360.
Total: 3.124100 ms (FindLiveObjects: 0.323500 ms CreateObjectMapping: 0.166300 ms MarkObjects: 2.451600 ms  DeleteObjects: 0.181300 ms)

========================================================================
Received Prepare
Registering precompiled user dll's ...
Registered in 0.001921 seconds.
Begin MonoManager ReloadAssembly
Native extension for WindowsStandalone target not found
Refreshing native plugins compatible for Editor in 0.36 ms, found 1 plugins.
Preloading 0 native plugins for Editor in 0.00 ms.
Invoked RoslynAnalysisRunner static constructor.
RoslynAnalysisRunner will not be running.
RoslynAnalysisRunner has terminated.
Mono: successfully reloaded assembly
- Completed reload, in  1.322 seconds
Platform modules already initialized, skipping
Refreshing native plugins compatible for Editor in 0.75 ms, found 1 plugins.
Preloading 0 native plugins for Editor in 0.00 ms.
Unloading 1814 Unused Serialized files (Serialized files now loaded: 0)
System memory in use before: 85.2 MB.
System memory in use after: 85.2 MB.

Unloading 12 unused Assets to reduce memory usage. Loaded Objects now: 2363.
Total: 3.114200 ms (FindLiveObjects: 0.301100 ms CreateObjectMapping: 0.081100 ms MarkObjects: 2.582700 ms  DeleteObjects: 0.147800 ms)

========================================================================
Received Prepare
Registering precompiled user dll's ...
Registered in 0.002291 seconds.
Begin MonoManager ReloadAssembly
Native extension for WindowsStandalone target not found
Refreshing native plugins compatible for Editor in 0.48 ms, found 1 plugins.
Preloading 0 native plugins for Editor in 0.00 ms.
Invoked RoslynAnalysisRunner static constructor.
RoslynAnalysisRunner will not be running.
RoslynAnalysisRunner has terminated.
Mono: successfully reloaded assembly
- Completed reload, in  1.052 seconds
Platform modules already initialized, skipping
Refreshing native plugins compatible for Editor in 0.35 ms, found 1 plugins.
Preloading 0 native plugins for Editor in 0.00 ms.
Unloading 1814 Unused Serialized files (Serialized files now loaded: 0)
System memory in use before: 85.2 MB.
System memory in use after: 85.2 MB.

Unloading 12 unused Assets to reduce memory usage. Loaded Objects now: 2366.
Total: 2.115900 ms (FindLiveObjects: 0.254300 ms CreateObjectMapping: 0.079800 ms MarkObjects: 1.664400 ms  DeleteObjects: 0.116300 ms)

========================================================================
Received Import Request.
  Time since last request: 19967.727124 seconds.
  path: Assets/Prefab/Player.prefab
  artifactKey: Guid(cf0a9f4e75655344983c0b3de55c5f7f) Importer(815301076,1909f56bfc062723c751e8b465ee728b)
Start importing Assets/Prefab/Player.prefab using Guid(cf0a9f4e75655344983c0b3de55c5f7f) Importer(815301076,1909f56bfc062723c751e8b465ee728b)  -> (artifact id: '94cf2875ad1ecb1ee2104d0674614cc4') in 0.151113 seconds
  Import took 0.158801 seconds .

========================================================================
Received Import Request.
  Time since last request: 3.601245 seconds.
  path: Assets/Prefab/Enemy.prefab
  artifactKey: Guid(92efb6d7bf62caa408e3df55af9bd0b2) Importer(815301076,1909f56bfc062723c751e8b465ee728b)
Start importing Assets/Prefab/Enemy.prefab using Guid(92efb6d7bf62caa408e3df55af9bd0b2) Importer(815301076,1909f56bfc062723c751e8b465ee728b)  -> (artifact id: 'c213ed3deab4357fc26f9f88f1068515') in 0.017554 seconds
  Import took 0.024951 seconds .

========================================================================
Received Import Request.
  Time since last request: 0.025277 seconds.
  path: Assets/Prefab/Enemy.prefab
  artifactKey: Guid(92efb6d7bf62caa408e3df55af9bd0b2) Importer(815301076,1909f56bfc062723c751e8b465ee728b)
Start importing Assets/Prefab/Enemy.prefab using Guid(92efb6d7bf62caa408e3df55af9bd0b2) Importer(815301076,1909f56bfc062723c751e8b465ee728b)  -> (artifact id: 'c213ed3deab4357fc26f9f88f1068515') in 0.015927 seconds
  Import took 0.020444 seconds .

========================================================================
Received Prepare
Registering precompiled user dll's ...
Registered in 0.001932 seconds.
Begin MonoManager ReloadAssembly
Native extension for WindowsStandalone target not found
Refreshing native plugins compatible for Editor in 0.57 ms, found 1 plugins.
Preloading 0 native plugins for Editor in 0.00 ms.
Invoked RoslynAnalysisRunner static constructor.
RoslynAnalysisRunner will not be running.
RoslynAnalysisRunner has terminated.
Mono: successfully reloaded assembly
- Completed reload, in  1.060 seconds
Platform modules already initialized, skipping
Refreshing native plugins compatible for Editor in 0.34 ms, found 1 plugins.
Preloading 0 native plugins for Editor in 0.00 ms.
Unloading 1814 Unused Serialized files (Serialized files now loaded: 0)
System memory in use before: 88.4 MB.
System memory in use after: 88.3 MB.

Unloading 12 unused Assets to reduce memory usage. Loaded Objects now: 2376.
Total: 3.519900 ms (FindLiveObjects: 0.377300 ms CreateObjectMapping: 0.179900 ms MarkObjects: 2.779600 ms  DeleteObjects: 0.181700 ms)

========================================================================
Received Prepare
Registering precompiled user dll's ...
Registered in 0.001837 seconds.
Begin MonoManager ReloadAssembly
Native extension for WindowsStandalone target not found
Refreshing native plugins compatible for Editor in 0.34 ms, found 1 plugins.
Preloading 0 native plugins for Editor in 0.00 ms.
Invoked RoslynAnalysisRunner static constructor.
RoslynAnalysisRunner will not be running.
RoslynAnalysisRunner has terminated.
Mono: successfully reloaded assembly
- Completed reload, in  1.026 seconds
Platform modules already initialized, skipping
Refreshing native plugins compatible for Editor in 0.32 ms, found 1 plugins.
Preloading 0 native plugins for Editor in 0.00 ms.
Unloading 1814 Unused Serialized files (Serialized files now loaded: 0)
System memory in use before: 88.4 MB.
System memory in use after: 88.4 MB.

Unloading 12 unused Assets to reduce memory usage. Loaded Objects now: 2379.
Total: 3.198800 ms (FindLiveObjects: 0.313500 ms CreateObjectMapping: 0.111200 ms MarkObjects: 2.618600 ms  DeleteObjects: 0.153200 ms)

========================================================================
Received Prepare
Registering precompiled user dll's ...
Registered in 0.002102 seconds.
Begin MonoManager ReloadAssembly
Native extension for WindowsStandalone target not found
Refreshing native plugins compatible for Editor in 0.38 ms, found 1 plugins.
Preloading 0 native plugins for Editor in 0.00 ms.
Invoked RoslynAnalysisRunner static constructor.
RoslynAnalysisRunner will not be running.
RoslynAnalysisRunner has terminated.
Mono: successfully reloaded assembly
- Completed reload, in  1.136 seconds
Platform modules already initialized, skipping
Refreshing native plugins compatible for Editor in 0.35 ms, found 1 plugins.
Preloading 0 native plugins for Editor in 0.00 ms.
Unloading 1814 Unused Serialized files (Serialized files now loaded: 0)
System memory in use before: 88.4 MB.
System memory in use after: 88.4 MB.

Unloading 12 unused Assets to reduce memory usage. Loaded Objects now: 2382.
Total: 2.800900 ms (FindLiveObjects: 0.277000 ms CreateObjectMapping: 0.084900 ms MarkObjects: 2.313200 ms  DeleteObjects: 0.124200 ms)

========================================================================
Received Prepare
Registering precompiled user dll's ...
Registered in 0.002144 seconds.
Begin MonoManager ReloadAssembly
Native extension for WindowsStandalone target not found
Refreshing native plugins compatible for Editor in 0.37 ms, found 1 plugins.
Preloading 0 native plugins for Editor in 0.00 ms.
Invoked RoslynAnalysisRunner static constructor.
RoslynAnalysisRunner will not be running.
RoslynAnalysisRunner has terminated.
Mono: successfully reloaded assembly
- Completed reload, in  0.998 seconds
Platform modules already initialized, skipping
Refreshing native plugins compatible for Editor in 0.50 ms, found 1 plugins.
Preloading 0 native plugins for Editor in 0.00 ms.
Unloading 1814 Unused Serialized files (Serialized files now loaded: 0)
System memory in use before: 88.4 MB.
System memory in use after: 88.4 MB.

Unloading 12 unused Assets to reduce memory usage. Loaded Objects now: 2385.
Total: 3.151400 ms (FindLiveObjects: 0.269800 ms CreateObjectMapping: 0.098300 ms MarkObjects: 2.611900 ms  DeleteObjects: 0.168900 ms)

========================================================================
Received Prepare
Registering precompiled user dll's ...
Registered in 0.001923 seconds.
Begin MonoManager ReloadAssembly
Native extension for WindowsStandalone target not found
Refreshing native plugins compatible for Editor in 0.37 ms, found 1 plugins.
Preloading 0 native plugins for Editor in 0.00 ms.
Invoked RoslynAnalysisRunner static constructor.
RoslynAnalysisRunner will not be running.
RoslynAnalysisRunner has terminated.
Mono: successfully reloaded assembly
- Completed reload, in  0.994 seconds
Platform modules already initialized, skipping
Refreshing native plugins compatible for Editor in 0.38 ms, found 1 plugins.
Preloading 0 native plugins for Editor in 0.00 ms.
Unloading 1814 Unused Serialized files (Serialized files now loaded: 0)
System memory in use before: 88.4 MB.
System memory in use after: 88.4 MB.

Unloading 12 unused Assets to reduce memory usage. Loaded Objects now: 2388.
Total: 2.433700 ms (FindLiveObjects: 0.264900 ms CreateObjectMapping: 0.070900 ms MarkObjects: 1.934600 ms  DeleteObjects: 0.161000 ms)

========================================================================
Received Prepare
Registering precompiled user dll's ...
Registered in 0.002988 seconds.
Begin MonoManager ReloadAssembly
Native extension for WindowsStandalone target not found
Refreshing native plugins compatible for Editor in 0.73 ms, found 1 plugins.
Preloading 0 native plugins for Editor in 0.00 ms.
Invoked RoslynAnalysisRunner static constructor.
RoslynAnalysisRunner will not be running.
RoslynAnalysisRunner has terminated.
Mono: successfully reloaded assembly
- Completed reload, in  1.024 seconds
Platform modules already initialized, skipping
Refreshing native plugins compatible for Editor in 0.32 ms, found 1 plugins.
Preloading 0 native plugins for Editor in 0.00 ms.
Unloading 1814 Unused Serialized files (Serialized files now loaded: 0)
System memory in use before: 88.4 MB.
System memory in use after: 88.4 MB.

Unloading 12 unused Assets to reduce memory usage. Loaded Objects now: 2391.
Total: 2.478300 ms (FindLiveObjects: 0.323500 ms CreateObjectMapping: 0.084700 ms MarkObjects: 1.912000 ms  DeleteObjects: 0.157200 ms)

========================================================================
Received Prepare
Registering precompiled user dll's ...
Registered in 0.002142 seconds.
Begin MonoManager ReloadAssembly
Native extension for WindowsStandalone target not found
Refreshing native plugins compatible for Editor in 0.56 ms, found 1 plugins.
Preloading 0 native plugins for Editor in 0.00 ms.
Invoked RoslynAnalysisRunner static constructor.
RoslynAnalysisRunner will not be running.
RoslynAnalysisRunner has terminated.
Mono: successfully reloaded assembly
- Completed reload, in  1.054 seconds
Platform modules already initialized, skipping
Refreshing native plugins compatible for Editor in 0.36 ms, found 1 plugins.
Preloading 0 native plugins for Editor in 0.00 ms.
Unloading 1814 Unused Serialized files (Serialized files now loaded: 0)
System memory in use before: 88.4 MB.
System memory in use after: 88.4 MB.

Unloading 12 unused Assets to reduce memory usage. Loaded Objects now: 2394.
Total: 3.027500 ms (FindLiveObjects: 0.319000 ms CreateObjectMapping: 0.075900 ms MarkObjects: 2.463600 ms  DeleteObjects: 0.163900 ms)

========================================================================
Received Prepare
Registering precompiled user dll's ...
Registered in 0.002012 seconds.
Begin MonoManager ReloadAssembly
Native extension for WindowsStandalone target not found
Refreshing native plugins compatible for Editor in 0.33 ms, found 1 plugins.
Preloading 0 native plugins for Editor in 0.00 ms.
Invoked RoslynAnalysisRunner static constructor.
RoslynAnalysisRunner will not be running.
RoslynAnalysisRunner has terminated.
Mono: successfully reloaded assembly
- Completed reload, in  1.026 seconds
Platform modules already initialized, skipping
Refreshing native plugins compatible for Editor in 0.33 ms, found 1 plugins.
Preloading 0 native plugins for Editor in 0.00 ms.
Unloading 1814 Unused Serialized files (Serialized files now loaded: 0)
System memory in use before: 88.4 MB.
System memory in use after: 88.4 MB.

Unloading 12 unused Assets to reduce memory usage. Loaded Objects now: 2397.
Total: 2.817600 ms (FindLiveObjects: 0.439700 ms CreateObjectMapping: 0.090000 ms MarkObjects: 2.125300 ms  DeleteObjects: 0.161200 ms)

========================================================================
Received Prepare
Registering precompiled user dll's ...
Registered in 0.002016 seconds.
Begin MonoManager ReloadAssembly
Native extension for WindowsStandalone target not found
Refreshing native plugins compatible for Editor in 0.33 ms, found 1 plugins.
Preloading 0 native plugins for Editor in 0.00 ms.
Invoked RoslynAnalysisRunner static constructor.
RoslynAnalysisRunner will not be running.
RoslynAnalysisRunner has terminated.
Mono: successfully reloaded assembly
- Completed reload, in  1.106 seconds
Platform modules already initialized, skipping
Refreshing native plugins compatible for Editor in 0.40 ms, found 1 plugins.
Preloading 0 native plugins for Editor in 0.00 ms.
Unloading 1814 Unused Serialized files (Serialized files now loaded: 0)
System memory in use before: 88.4 MB.
System memory in use after: 88.4 MB.

Unloading 12 unused Assets to reduce memory usage. Loaded Objects now: 2400.
Total: 3.732900 ms (FindLiveObjects: 0.287700 ms CreateObjectMapping: 0.091800 ms MarkObjects: 3.112700 ms  DeleteObjects: 0.238500 ms)

========================================================================
Received Prepare
Registering precompiled user dll's ...
Registered in 0.002027 seconds.
Begin MonoManager ReloadAssembly
Native extension for WindowsStandalone target not found
Refreshing native plugins compatible for Editor in 0.60 ms, found 1 plugins.
Preloading 0 native plugins for Editor in 0.00 ms.
Invoked RoslynAnalysisRunner static constructor.
RoslynAnalysisRunner will not be running.
RoslynAnalysisRunner has terminated.
Mono: successfully reloaded assembly
- Completed reload, in  1.086 seconds
Platform modules already initialized, skipping
Refreshing native plugins compatible for Editor in 0.33 ms, found 1 plugins.
Preloading 0 native plugins for Editor in 0.00 ms.
Unloading 1814 Unused Serialized files (Serialized files now loaded: 0)
System memory in use before: 88.4 MB.
System memory in use after: 88.4 MB.

Unloading 12 unused Assets to reduce memory usage. Loaded Objects now: 2403.
Total: 2.349500 ms (FindLiveObjects: 0.286400 ms CreateObjectMapping: 0.065700 ms MarkObjects: 1.824400 ms  DeleteObjects: 0.172000 ms)

========================================================================
Received Prepare
Registering precompiled user dll's ...
Registered in 0.002092 seconds.
Begin MonoManager ReloadAssembly
Native extension for WindowsStandalone target not found
Refreshing native plugins compatible for Editor in 0.33 ms, found 1 plugins.
Preloading 0 native plugins for Editor in 0.00 ms.
Invoked RoslynAnalysisRunner static constructor.
RoslynAnalysisRunner will not be running.
RoslynAnalysisRunner has terminated.
Mono: successfully reloaded assembly
- Completed reload, in  0.990 seconds
Platform modules already initialized, skipping
Refreshing native plugins compatible for Editor in 0.34 ms, found 1 plugins.
Preloading 0 native plugins for Editor in 0.00 ms.
Unloading 1814 Unused Serialized files (Serialized files now loaded: 0)
System memory in use before: 88.4 MB.
System memory in use after: 88.4 MB.

Unloading 12 unused Assets to reduce memory usage. Loaded Objects now: 2406.
Total: 2.548500 ms (FindLiveObjects: 0.283200 ms CreateObjectMapping: 0.096200 ms MarkObjects: 2.001000 ms  DeleteObjects: 0.166800 ms)

========================================================================
Received Prepare
Registering precompiled user dll's ...
Registered in 0.002002 seconds.
Begin MonoManager ReloadAssembly
Native extension for WindowsStandalone target not found
Refreshing native plugins compatible for Editor in 0.33 ms, found 1 plugins.
Preloading 0 native plugins for Editor in 0.00 ms.
Invoked RoslynAnalysisRunner static constructor.
RoslynAnalysisRunner will not be running.
RoslynAnalysisRunner has terminated.
Mono: successfully reloaded assembly
- Completed reload, in  1.005 seconds
Platform modules already initialized, skipping
Refreshing native plugins compatible for Editor in 0.33 ms, found 1 plugins.
Preloading 0 native plugins for Editor in 0.00 ms.
Unloading 1814 Unused Serialized files (Serialized files now loaded: 0)
System memory in use before: 88.4 MB.
System memory in use after: 88.4 MB.

Unloading 12 unused Assets to reduce memory usage. Loaded Objects now: 2409.
Total: 2.343700 ms (FindLiveObjects: 0.174600 ms CreateObjectMapping: 0.057100 ms MarkObjects: 1.939300 ms  DeleteObjects: 0.171800 ms)

========================================================================
Received Prepare
Registering precompiled user dll's ...
Registered in 0.002045 seconds.
Begin MonoManager ReloadAssembly
Native extension for WindowsStandalone target not found
Refreshing native plugins compatible for Editor in 0.49 ms, found 1 plugins.
Preloading 0 native plugins for Editor in 0.00 ms.
Invoked RoslynAnalysisRunner static constructor.
RoslynAnalysisRunner will not be running.
RoslynAnalysisRunner has terminated.
Mono: successfully reloaded assembly
- Completed reload, in  1.024 seconds
Platform modules already initialized, skipping
Refreshing native plugins compatible for Editor in 0.33 ms, found 1 plugins.
Preloading 0 native plugins for Editor in 0.00 ms.
Unloading 1814 Unused Serialized files (Serialized files now loaded: 0)
System memory in use before: 88.4 MB.
System memory in use after: 88.4 MB.

Unloading 12 unused Assets to reduce memory usage. Loaded Objects now: 2412.
Total: 2.466800 ms (FindLiveObjects: 0.332900 ms CreateObjectMapping: 0.083700 ms MarkObjects: 1.898600 ms  DeleteObjects: 0.150900 ms)

========================================================================
Received Prepare
Registering precompiled user dll's ...
Registered in 0.002072 seconds.
Begin MonoManager ReloadAssembly
Native extension for WindowsStandalone target not found
Refreshing native plugins compatible for Editor in 0.46 ms, found 1 plugins.
Preloading 0 native plugins for Editor in 0.00 ms.
Invoked RoslynAnalysisRunner static constructor.
RoslynAnalysisRunner will not be running.
RoslynAnalysisRunner has terminated.
Mono: successfully reloaded assembly
- Completed reload, in  1.067 seconds
Platform modules already initialized, skipping
Refreshing native plugins compatible for Editor in 0.35 ms, found 1 plugins.
Preloading 0 native plugins for Editor in 0.00 ms.
Unloading 1814 Unused Serialized files (Serialized files now loaded: 0)
System memory in use before: 88.5 MB.
System memory in use after: 88.4 MB.

Unloading 12 unused Assets to reduce memory usage. Loaded Objects now: 2415.
Total: 2.579400 ms (FindLiveObjects: 0.409300 ms CreateObjectMapping: 0.161300 ms MarkObjects: 1.840300 ms  DeleteObjects: 0.167100 ms)

========================================================================
Received Prepare
Registering precompiled user dll's ...
Registered in 0.003253 seconds.
Begin MonoManager ReloadAssembly
Native extension for WindowsStandalone target not found
Refreshing native plugins compatible for Editor in 0.76 ms, found 1 plugins.
Preloading 0 native plugins for Editor in 0.00 ms.
Invoked RoslynAnalysisRunner static constructor.
RoslynAnalysisRunner will not be running.
RoslynAnalysisRunner has terminated.
Mono: successfully reloaded assembly
- Completed reload, in  1.077 seconds
Platform modules already initialized, skipping
Refreshing native plugins compatible for Editor in 0.43 ms, found 1 plugins.
Preloading 0 native plugins for Editor in 0.00 ms.
Unloading 1814 Unused Serialized files (Serialized files now loaded: 0)
System memory in use before: 88.5 MB.
System memory in use after: 88.5 MB.

Unloading 12 unused Assets to reduce memory usage. Loaded Objects now: 2418.
Total: 2.508100 ms (FindLiveObjects: 0.327900 ms CreateObjectMapping: 0.102100 ms MarkObjects: 1.930200 ms  DeleteObjects: 0.146800 ms)

========================================================================
Received Prepare
Registering precompiled user dll's ...
Registered in 0.003525 seconds.
Begin MonoManager ReloadAssembly
Native extension for WindowsStandalone target not found
Refreshing native plugins compatible for Editor in 0.75 ms, found 1 plugins.
Preloading 0 native plugins for Editor in 0.00 ms.
Invoked RoslynAnalysisRunner static constructor.
RoslynAnalysisRunner will not be running.
RoslynAnalysisRunner has terminated.
Mono: successfully reloaded assembly
- Completed reload, in  1.703 seconds
Platform modules already initialized, skipping
Refreshing native plugins compatible for Editor in 0.45 ms, found 1 plugins.
Preloading 0 native plugins for Editor in 0.00 ms.
Unloading 1814 Unused Serialized files (Serialized files now loaded: 0)
System memory in use before: 88.5 MB.
System memory in use after: 88.5 MB.

Unloading 12 unused Assets to reduce memory usage. Loaded Objects now: 2421.
Total: 5.068700 ms (FindLiveObjects: 0.575200 ms CreateObjectMapping: 0.313900 ms MarkObjects: 3.984900 ms  DeleteObjects: 0.192500 ms)

========================================================================
Received Prepare
Registering precompiled user dll's ...
Registered in 0.002244 seconds.
Begin MonoManager ReloadAssembly
Native extension for WindowsStandalone target not found
Refreshing native plugins compatible for Editor in 0.39 ms, found 1 plugins.
Preloading 0 native plugins for Editor in 0.00 ms.
Invoked RoslynAnalysisRunner static constructor.
RoslynAnalysisRunner will not be running.
RoslynAnalysisRunner has terminated.
Mono: successfully reloaded assembly
- Completed reload, in  1.034 seconds
Platform modules already initialized, skipping
Refreshing native plugins compatible for Editor in 0.37 ms, found 1 plugins.
Preloading 0 native plugins for Editor in 0.00 ms.
Unloading 1814 Unused Serialized files (Serialized files now loaded: 0)
System memory in use before: 88.5 MB.
System memory in use after: 88.5 MB.

Unloading 12 unused Assets to reduce memory usage. Loaded Objects now: 2424.
Total: 2.825500 ms (FindLiveObjects: 0.220800 ms CreateObjectMapping: 0.055300 ms MarkObjects: 2.383300 ms  DeleteObjects: 0.164000 ms)

========================================================================
Received Prepare
Registering precompiled user dll's ...
Registered in 0.002449 seconds.
Begin MonoManager ReloadAssembly
Native extension for WindowsStandalone target not found
Refreshing native plugins compatible for Editor in 0.35 ms, found 1 plugins.
Preloading 0 native plugins for Editor in 0.00 ms.
Invoked RoslynAnalysisRunner static constructor.
RoslynAnalysisRunner will not be running.
RoslynAnalysisRunner has terminated.
Mono: successfully reloaded assembly
- Completed reload, in  1.098 seconds
Platform modules already initialized, skipping
Refreshing native plugins compatible for Editor in 0.33 ms, found 1 plugins.
Preloading 0 native plugins for Editor in 0.00 ms.
Unloading 1814 Unused Serialized files (Serialized files now loaded: 0)
System memory in use before: 88.5 MB.
System memory in use after: 88.5 MB.

Unloading 12 unused Assets to reduce memory usage. Loaded Objects now: 2427.
Total: 2.808900 ms (FindLiveObjects: 0.228300 ms CreateObjectMapping: 0.102600 ms MarkObjects: 2.323600 ms  DeleteObjects: 0.152900 ms)

========================================================================
Received Prepare
Registering precompiled user dll's ...
Registered in 0.001858 seconds.
Begin MonoManager ReloadAssembly
Native extension for WindowsStandalone target not found
Refreshing native plugins compatible for Editor in 0.33 ms, found 1 plugins.
Preloading 0 native plugins for Editor in 0.00 ms.
Invoked RoslynAnalysisRunner static constructor.
RoslynAnalysisRunner will not be running.
RoslynAnalysisRunner has terminated.
Mono: successfully reloaded assembly
- Completed reload, in  1.075 seconds
Platform modules already initialized, skipping
Refreshing native plugins compatible for Editor in 0.52 ms, found 1 plugins.
Preloading 0 native plugins for Editor in 0.00 ms.
Unloading 1814 Unused Serialized files (Serialized files now loaded: 0)
System memory in use before: 88.5 MB.
System memory in use after: 88.5 MB.

Unloading 12 unused Assets to reduce memory usage. Loaded Objects now: 2430.
Total: 2.281800 ms (FindLiveObjects: 0.267700 ms CreateObjectMapping: 0.107600 ms MarkObjects: 1.735200 ms  DeleteObjects: 0.170300 ms)

========================================================================
Received Prepare
Registering precompiled user dll's ...
Registered in 0.002029 seconds.
Begin MonoManager ReloadAssembly
Native extension for WindowsStandalone target not found
Refreshing native plugins compatible for Editor in 0.35 ms, found 1 plugins.
Preloading 0 native plugins for Editor in 0.00 ms.
Invoked RoslynAnalysisRunner static constructor.
RoslynAnalysisRunner will not be running.
RoslynAnalysisRunner has terminated.
Mono: successfully reloaded assembly
- Completed reload, in  0.978 seconds
Platform modules already initialized, skipping
Refreshing native plugins compatible for Editor in 0.35 ms, found 1 plugins.
Preloading 0 native plugins for Editor in 0.00 ms.
Unloading 1814 Unused Serialized files (Serialized files now loaded: 0)
System memory in use before: 88.5 MB.
System memory in use after: 88.5 MB.

Unloading 12 unused Assets to reduce memory usage. Loaded Objects now: 2433.
Total: 2.737300 ms (FindLiveObjects: 0.392600 ms CreateObjectMapping: 0.083800 ms MarkObjects: 2.067900 ms  DeleteObjects: 0.191300 ms)

========================================================================
Received Prepare
Registering precompiled user dll's ...
Registered in 0.002069 seconds.
Begin MonoManager ReloadAssembly
Native extension for WindowsStandalone target not found
Refreshing native plugins compatible for Editor in 0.34 ms, found 1 plugins.
Preloading 0 native plugins for Editor in 0.00 ms.
Invoked RoslynAnalysisRunner static constructor.
RoslynAnalysisRunner will not be running.
RoslynAnalysisRunner has terminated.
Mono: successfully reloaded assembly
- Completed reload, in  1.047 seconds
Platform modules already initialized, skipping
Refreshing native plugins compatible for Editor in 0.55 ms, found 1 plugins.
Preloading 0 native plugins for Editor in 0.00 ms.
Unloading 1814 Unused Serialized files (Serialized files now loaded: 0)
System memory in use before: 88.5 MB.
System memory in use after: 88.5 MB.

Unloading 12 unused Assets to reduce memory usage. Loaded Objects now: 2436.
Total: 2.456700 ms (FindLiveObjects: 0.230100 ms CreateObjectMapping: 0.087500 ms MarkObjects: 1.927300 ms  DeleteObjects: 0.210500 ms)

========================================================================
Received Prepare
Registering precompiled user dll's ...
Registered in 0.001918 seconds.
Begin MonoManager ReloadAssembly
Native extension for WindowsStandalone target not found
Refreshing native plugins compatible for Editor in 0.33 ms, found 1 plugins.
Preloading 0 native plugins for Editor in 0.00 ms.
Invoked RoslynAnalysisRunner static constructor.
RoslynAnalysisRunner will not be running.
RoslynAnalysisRunner has terminated.
Mono: successfully reloaded assembly
- Completed reload, in  1.104 seconds
Platform modules already initialized, skipping
Refreshing native plugins compatible for Editor in 0.40 ms, found 1 plugins.
Preloading 0 native plugins for Editor in 0.00 ms.
Unloading 1814 Unused Serialized files (Serialized files now loaded: 0)
System memory in use before: 88.5 MB.
System memory in use after: 88.5 MB.

Unloading 12 unused Assets to reduce memory usage. Loaded Objects now: 2439.
Total: 3.617900 ms (FindLiveObjects: 0.356300 ms CreateObjectMapping: 0.099500 ms MarkObjects: 3.007600 ms  DeleteObjects: 0.152100 ms)

========================================================================
Received Prepare
Registering precompiled user dll's ...
Registered in 0.001996 seconds.
Begin MonoManager ReloadAssembly
Native extension for WindowsStandalone target not found
Refreshing native plugins compatible for Editor in 0.57 ms, found 1 plugins.
Preloading 0 native plugins for Editor in 0.00 ms.
Invoked RoslynAnalysisRunner static constructor.
RoslynAnalysisRunner will not be running.
RoslynAnalysisRunner has terminated.
Mono: successfully reloaded assembly
- Completed reload, in  1.064 seconds
Platform modules already initialized, skipping
Refreshing native plugins compatible for Editor in 0.34 ms, found 1 plugins.
Preloading 0 native plugins for Editor in 0.00 ms.
Unloading 1814 Unused Serialized files (Serialized files now loaded: 0)
System memory in use before: 88.5 MB.
System memory in use after: 88.5 MB.

Unloading 12 unused Assets to reduce memory usage. Loaded Objects now: 2442.
Total: 2.562100 ms (FindLiveObjects: 0.315000 ms CreateObjectMapping: 0.077400 ms MarkObjects: 1.995100 ms  DeleteObjects: 0.173000 ms)

========================================================================
Received Prepare
Registering precompiled user dll's ...
Registered in 0.002377 seconds.
Begin MonoManager ReloadAssembly
Native extension for WindowsStandalone target not found
Refreshing native plugins compatible for Editor in 1.62 ms, found 1 plugins.
Preloading 0 native plugins for Editor in 0.00 ms.
Invoked RoslynAnalysisRunner static constructor.
RoslynAnalysisRunner will not be running.
RoslynAnalysisRunner has terminated.
Mono: successfully reloaded assembly
- Completed reload, in  1.070 seconds
Platform modules already initialized, skipping
Refreshing native plugins compatible for Editor in 0.37 ms, found 1 plugins.
Preloading 0 native plugins for Editor in 0.00 ms.
Unloading 1814 Unused Serialized files (Serialized files now loaded: 0)
System memory in use before: 88.5 MB.
System memory in use after: 88.5 MB.

Unloading 12 unused Assets to reduce memory usage. Loaded Objects now: 2445.
Total: 2.119600 ms (FindLiveObjects: 0.245400 ms CreateObjectMapping: 0.070400 ms MarkObjects: 1.659500 ms  DeleteObjects: 0.143100 ms)

========================================================================
Received Prepare
Registering precompiled user dll's ...
Registered in 0.002144 seconds.
Begin MonoManager ReloadAssembly
Native extension for WindowsStandalone target not found
Refreshing native plugins compatible for Editor in 0.33 ms, found 1 plugins.
Preloading 0 native plugins for Editor in 0.00 ms.
Invoked RoslynAnalysisRunner static constructor.
RoslynAnalysisRunner will not be running.
RoslynAnalysisRunner has terminated.
Mono: successfully reloaded assembly
- Completed reload, in  1.083 seconds
Platform modules already initialized, skipping
Refreshing native plugins compatible for Editor in 0.33 ms, found 1 plugins.
Preloading 0 native plugins for Editor in 0.00 ms.
Unloading 1814 Unused Serialized files (Serialized files now loaded: 0)
System memory in use before: 88.5 MB.
System memory in use after: 88.5 MB.

Unloading 12 unused Assets to reduce memory usage. Loaded Objects now: 2448.
Total: 3.002400 ms (FindLiveObjects: 0.225000 ms CreateObjectMapping: 0.084600 ms MarkObjects: 2.513000 ms  DeleteObjects: 0.178600 ms)

========================================================================
Received Prepare
Registering precompiled user dll's ...
Registered in 0.008842 seconds.
Begin MonoManager ReloadAssembly
Native extension for WindowsStandalone target not found
Refreshing native plugins compatible for Editor in 0.93 ms, found 1 plugins.
Preloading 0 native plugins for Editor in 0.00 ms.
Invoked RoslynAnalysisRunner static constructor.
RoslynAnalysisRunner will not be running.
RoslynAnalysisRunner has terminated.
Mono: successfully reloaded assembly
- Completed reload, in  3.604 seconds
Platform modules already initialized, skipping
Refreshing native plugins compatible for Editor in 0.79 ms, found 1 plugins.
Preloading 0 native plugins for Editor in 0.00 ms.
Unloading 1814 Unused Serialized files (Serialized files now loaded: 0)
System memory in use before: 88.5 MB.
System memory in use after: 88.5 MB.

Unloading 12 unused Assets to reduce memory usage. Loaded Objects now: 2451.
Total: 16.883000 ms (FindLiveObjects: 2.225000 ms CreateObjectMapping: 1.453700 ms MarkObjects: 12.977600 ms  DeleteObjects: 0.222900 ms)

========================================================================
Received Prepare
Registering precompiled user dll's ...
Registered in 0.001913 seconds.
Begin MonoManager ReloadAssembly
Native extension for WindowsStandalone target not found
Refreshing native plugins compatible for Editor in 0.46 ms, found 1 plugins.
Preloading 0 native plugins for Editor in 0.00 ms.
Invoked RoslynAnalysisRunner static constructor.
RoslynAnalysisRunner will not be running.
RoslynAnalysisRunner has terminated.
Mono: successfully reloaded assembly
- Completed reload, in  2.242 seconds
Platform modules already initialized, skipping
Refreshing native plugins compatible for Editor in 0.69 ms, found 1 plugins.
Preloading 0 native plugins for Editor in 0.00 ms.
Unloading 1814 Unused Serialized files (Serialized files now loaded: 0)
System memory in use before: 88.6 MB.
System memory in use after: 88.6 MB.

Unloading 12 unused Assets to reduce memory usage. Loaded Objects now: 2454.
Total: 2.591200 ms (FindLiveObjects: 0.234200 ms CreateObjectMapping: 0.109800 ms MarkObjects: 2.101500 ms  DeleteObjects: 0.144100 ms)

========================================================================
Received Prepare
Registering precompiled user dll's ...
Registered in 0.002401 seconds.
Begin MonoManager ReloadAssembly
Native extension for WindowsStandalone target not found
Refreshing native plugins compatible for Editor in 0.45 ms, found 1 plugins.
Preloading 0 native plugins for Editor in 0.00 ms.
Invoked RoslynAnalysisRunner static constructor.
RoslynAnalysisRunner will not be running.
RoslynAnalysisRunner has terminated.
Mono: successfully reloaded assembly
- Completed reload, in  1.198 seconds
Platform modules already initialized, skipping
Refreshing native plugins compatible for Editor in 0.36 ms, found 1 plugins.
Preloading 0 native plugins for Editor in 0.00 ms.
Unloading 1814 Unused Serialized files (Serialized files now loaded: 0)
System memory in use before: 88.6 MB.
System memory in use after: 88.6 MB.

Unloading 12 unused Assets to reduce memory usage. Loaded Objects now: 2457.
Total: 3.981100 ms (FindLiveObjects: 0.481300 ms CreateObjectMapping: 0.231000 ms MarkObjects: 3.125300 ms  DeleteObjects: 0.140300 ms)

========================================================================
Received Prepare
Registering precompiled user dll's ...
Registered in 0.001982 seconds.
Begin MonoManager ReloadAssembly
Native extension for WindowsStandalone target not found
Refreshing native plugins compatible for Editor in 0.39 ms, found 1 plugins.
Preloading 0 native plugins for Editor in 0.00 ms.
Invoked RoslynAnalysisRunner static constructor.
RoslynAnalysisRunner will not be running.
RoslynAnalysisRunner has terminated.
Mono: successfully reloaded assembly
- Completed reload, in  1.073 seconds
Platform modules already initialized, skipping
Refreshing native plugins compatible for Editor in 0.33 ms, found 1 plugins.
Preloading 0 native plugins for Editor in 0.00 ms.
Unloading 1814 Unused Serialized files (Serialized files now loaded: 0)
System memory in use before: 88.6 MB.
System memory in use after: 88.6 MB.

Unloading 12 unused Assets to reduce memory usage. Loaded Objects now: 2460.
Total: 3.577800 ms (FindLiveObjects: 0.415600 ms CreateObjectMapping: 0.173000 ms MarkObjects: 2.847100 ms  DeleteObjects: 0.138500 ms)

========================================================================
Received Prepare
Registering precompiled user dll's ...
Registered in 0.002861 seconds.
Begin MonoManager ReloadAssembly
Native extension for WindowsStandalone target not found
Refreshing native plugins compatible for Editor in 0.34 ms, found 1 plugins.
Preloading 0 native plugins for Editor in 0.00 ms.
Invoked RoslynAnalysisRunner static constructor.
RoslynAnalysisRunner will not be running.
RoslynAnalysisRunner has terminated.
Mono: successfully reloaded assembly
- Completed reload, in  1.357 seconds
Platform modules already initialized, skipping
Refreshing native plugins compatible for Editor in 0.46 ms, found 1 plugins.
Preloading 0 native plugins for Editor in 0.00 ms.
Unloading 1814 Unused Serialized files (Serialized files now loaded: 0)
System memory in use before: 88.6 MB.
System memory in use after: 88.6 MB.

Unloading 12 unused Assets to reduce memory usage. Loaded Objects now: 2463.
Total: 3.265100 ms (FindLiveObjects: 0.332300 ms CreateObjectMapping: 0.153900 ms MarkObjects: 2.611800 ms  DeleteObjects: 0.163600 ms)

========================================================================
Received Prepare
Registering precompiled user dll's ...
Registered in 0.002426 seconds.
Begin MonoManager ReloadAssembly
Native extension for WindowsStandalone target not found
Refreshing native plugins compatible for Editor in 0.54 ms, found 1 plugins.
Preloading 0 native plugins for Editor in 0.00 ms.
Invoked RoslynAnalysisRunner static constructor.
RoslynAnalysisRunner will not be running.
RoslynAnalysisRunner has terminated.
Mono: successfully reloaded assembly
- Completed reload, in  1.047 seconds
Platform modules already initialized, skipping
Refreshing native plugins compatible for Editor in 0.33 ms, found 1 plugins.
Preloading 0 native plugins for Editor in 0.00 ms.
Unloading 1814 Unused Serialized files (Serialized files now loaded: 0)
System memory in use before: 88.6 MB.
System memory in use after: 88.6 MB.

Unloading 12 unused Assets to reduce memory usage. Loaded Objects now: 2466.
Total: 2.685500 ms (FindLiveObjects: 0.287800 ms CreateObjectMapping: 0.099300 ms MarkObjects: 2.121100 ms  DeleteObjects: 0.176000 ms)

========================================================================
Received Prepare
Registering precompiled user dll's ...
Registered in 0.008191 seconds.
Begin MonoManager ReloadAssembly
Native extension for WindowsStandalone target not found
Refreshing native plugins compatible for Editor in 0.42 ms, found 1 plugins.
Preloading 0 native plugins for Editor in 0.00 ms.
Invoked RoslynAnalysisRunner static constructor.
RoslynAnalysisRunner will not be running.
RoslynAnalysisRunner has terminated.
Mono: successfully reloaded assembly
- Completed reload, in  1.625 seconds
Platform modules already initialized, skipping
Refreshing native plugins compatible for Editor in 0.40 ms, found 1 plugins.
Preloading 0 native plugins for Editor in 0.00 ms.
Unloading 1814 Unused Serialized files (Serialized files now loaded: 0)
System memory in use before: 88.6 MB.
System memory in use after: 88.6 MB.

Unloading 12 unused Assets to reduce memory usage. Loaded Objects now: 2469.
Total: 2.349800 ms (FindLiveObjects: 0.242700 ms CreateObjectMapping: 0.096900 ms MarkObjects: 1.867700 ms  DeleteObjects: 0.141200 ms)

========================================================================
Received Prepare
Registering precompiled user dll's ...
Registered in 0.002028 seconds.
Begin MonoManager ReloadAssembly
Native extension for WindowsStandalone target not found
Refreshing native plugins compatible for Editor in 0.35 ms, found 1 plugins.
Preloading 0 native plugins for Editor in 0.00 ms.
Invoked RoslynAnalysisRunner static constructor.
RoslynAnalysisRunner will not be running.
RoslynAnalysisRunner has terminated.
Mono: successfully reloaded assembly
- Completed reload, in  1.072 seconds
Platform modules already initialized, skipping
Refreshing native plugins compatible for Editor in 0.36 ms, found 1 plugins.
Preloading 0 native plugins for Editor in 0.00 ms.
Unloading 1814 Unused Serialized files (Serialized files now loaded: 0)
System memory in use before: 88.6 MB.
System memory in use after: 88.6 MB.

Unloading 12 unused Assets to reduce memory usage. Loaded Objects now: 2472.
Total: 3.509900 ms (FindLiveObjects: 0.398000 ms CreateObjectMapping: 0.205800 ms MarkObjects: 2.744300 ms  DeleteObjects: 0.159700 ms)

========================================================================
Received Prepare
Registering precompiled user dll's ...
Registered in 0.002191 seconds.
Begin MonoManager ReloadAssembly
Native extension for WindowsStandalone target not found
Refreshing native plugins compatible for Editor in 0.37 ms, found 1 plugins.
Preloading 0 native plugins for Editor in 0.00 ms.
Invoked RoslynAnalysisRunner static constructor.
RoslynAnalysisRunner will not be running.
RoslynAnalysisRunner has terminated.
Mono: successfully reloaded assembly
- Completed reload, in  1.235 seconds
Platform modules already initialized, skipping
Refreshing native plugins compatible for Editor in 0.35 ms, found 1 plugins.
Preloading 0 native plugins for Editor in 0.00 ms.
Unloading 1814 Unused Serialized files (Serialized files now loaded: 0)
System memory in use before: 88.6 MB.
System memory in use after: 88.6 MB.

Unloading 12 unused Assets to reduce memory usage. Loaded Objects now: 2475.
Total: 2.467800 ms (FindLiveObjects: 0.407500 ms CreateObjectMapping: 0.096700 ms MarkObjects: 1.825400 ms  DeleteObjects: 0.136400 ms)

========================================================================
Received Prepare
Registering precompiled user dll's ...
Registered in 0.001985 seconds.
Begin MonoManager ReloadAssembly
Native extension for WindowsStandalone target not found
Refreshing native plugins compatible for Editor in 0.34 ms, found 1 plugins.
Preloading 0 native plugins for Editor in 0.00 ms.
Invoked RoslynAnalysisRunner static constructor.
RoslynAnalysisRunner will not be running.
RoslynAnalysisRunner has terminated.
Mono: successfully reloaded assembly
- Completed reload, in  1.321 seconds
Platform modules already initialized, skipping
Refreshing native plugins compatible for Editor in 0.40 ms, found 1 plugins.
Preloading 0 native plugins for Editor in 0.00 ms.
Unloading 1814 Unused Serialized files (Serialized files now loaded: 0)
System memory in use before: 88.6 MB.
System memory in use after: 88.6 MB.

Unloading 12 unused Assets to reduce memory usage. Loaded Objects now: 2478.
Total: 3.227900 ms (FindLiveObjects: 0.346400 ms CreateObjectMapping: 0.169000 ms MarkObjects: 2.571200 ms  DeleteObjects: 0.139000 ms)

========================================================================
Received Prepare
Registering precompiled user dll's ...
Registered in 0.002055 seconds.
Begin MonoManager ReloadAssembly
Native extension for WindowsStandalone target not found
Refreshing native plugins compatible for Editor in 0.69 ms, found 1 plugins.
Preloading 0 native plugins for Editor in 0.00 ms.
Invoked RoslynAnalysisRunner static constructor.
RoslynAnalysisRunner will not be running.
RoslynAnalysisRunner has terminated.
Mono: successfully reloaded assembly
- Completed reload, in  1.227 seconds
Platform modules already initialized, skipping
Refreshing native plugins compatible for Editor in 0.65 ms, found 1 plugins.
Preloading 0 native plugins for Editor in 0.00 ms.
Unloading 1814 Unused Serialized files (Serialized files now loaded: 0)
System memory in use before: 88.6 MB.
System memory in use after: 88.6 MB.

Unloading 12 unused Assets to reduce memory usage. Loaded Objects now: 2481.
Total: 2.527500 ms (FindLiveObjects: 0.337700 ms CreateObjectMapping: 0.108700 ms MarkObjects: 1.932000 ms  DeleteObjects: 0.147800 ms)

========================================================================
Received Prepare
Registering precompiled user dll's ...
Registered in 0.002069 seconds.
Begin MonoManager ReloadAssembly
Native extension for WindowsStandalone target not found
Refreshing native plugins compatible for Editor in 0.38 ms, found 1 plugins.
Preloading 0 native plugins for Editor in 0.00 ms.
Invoked RoslynAnalysisRunner static constructor.
RoslynAnalysisRunner will not be running.
RoslynAnalysisRunner has terminated.
Mono: successfully reloaded assembly
- Completed reload, in  1.069 seconds
Platform modules already initialized, skipping
Refreshing native plugins compatible for Editor in 0.35 ms, found 1 plugins.
Preloading 0 native plugins for Editor in 0.00 ms.
Unloading 1814 Unused Serialized files (Serialized files now loaded: 0)
System memory in use before: 88.6 MB.
System memory in use after: 88.6 MB.

Unloading 12 unused Assets to reduce memory usage. Loaded Objects now: 2484.
Total: 2.387600 ms (FindLiveObjects: 0.217500 ms CreateObjectMapping: 0.068100 ms MarkObjects: 1.976600 ms  DeleteObjects: 0.124300 ms)

========================================================================
Received Prepare
Registering precompiled user dll's ...
Registered in 0.001904 seconds.
Begin MonoManager ReloadAssembly
Native extension for WindowsStandalone target not found
Refreshing native plugins compatible for Editor in 0.34 ms, found 1 plugins.
Preloading 0 native plugins for Editor in 0.00 ms.
Invoked RoslynAnalysisRunner static constructor.
RoslynAnalysisRunner will not be running.
RoslynAnalysisRunner has terminated.
Mono: successfully reloaded assembly
- Completed reload, in  1.076 seconds
Platform modules already initialized, skipping
Refreshing native plugins compatible for Editor in 0.38 ms, found 1 plugins.
Preloading 0 native plugins for Editor in 0.00 ms.
Unloading 1814 Unused Serialized files (Serialized files now loaded: 0)
System memory in use before: 88.6 MB.
System memory in use after: 88.6 MB.

Unloading 12 unused Assets to reduce memory usage. Loaded Objects now: 2487.
Total: 5.127300 ms (FindLiveObjects: 0.386000 ms CreateObjectMapping: 0.205500 ms MarkObjects: 4.099700 ms  DeleteObjects: 0.432100 ms)

